  Utils.cpp
D:\Users\megab\Documents\UNI\3o Anno\Computer Graphics 2\Progetti Esame\Progetto2D\Progetto2D\Utils.cpp(20,90): warning C4244: 'return': conversione da 'double' a 'float'. Possibile perdita di dati.
D:\Users\megab\Documents\UNI\3o Anno\Computer Graphics 2\Progetti Esame\Progetto2D\Progetto2D\Utils.cpp(22,90): warning C4244: 'return': conversione da 'double' a 'float'. Possibile perdita di dati.
D:\Users\megab\Documents\UNI\3o Anno\Computer Graphics 2\Progetti Esame\Progetto2D\Progetto2D\Utils.cpp(25,116): warning C4244: 'return': conversione da 'double' a 'float'. Possibile perdita di dati.
D:\Users\megab\Documents\UNI\3o Anno\Computer Graphics 2\Progetti Esame\Progetto2D\Progetto2D\Utils.cpp(27,116): warning C4244: 'return': conversione da 'double' a 'float'. Possibile perdita di dati.
D:\Users\megab\Documents\UNI\3o Anno\Computer Graphics 2\Progetti Esame\Progetto2D\Progetto2D\Utils.cpp(32,95): warning C4244: 'return': conversione da 'double' a 'float'. Possibile perdita di dati.
D:\Users\megab\Documents\UNI\3o Anno\Computer Graphics 2\Progetti Esame\Progetto2D\Progetto2D\Utils.cpp(34,96): warning C4244: 'return': conversione da 'double' a 'float'. Possibile perdita di dati.
D:\Users\megab\Documents\UNI\3o Anno\Computer Graphics 2\Progetti Esame\Progetto2D\Progetto2D\Utils.cpp(37,116): warning C4244: 'return': conversione da 'double' a 'float'. Possibile perdita di dati.
D:\Users\megab\Documents\UNI\3o Anno\Computer Graphics 2\Progetti Esame\Progetto2D\Progetto2D\Utils.cpp(39,116): warning C4244: 'return': conversione da 'double' a 'float'. Possibile perdita di dati.
D:\Users\megab\Documents\UNI\3o Anno\Computer Graphics 2\Progetti Esame\Progetto2D\Progetto2D\Utils.cpp(45,16): warning C4244: 'inizializzazione': conversione da 'double' a 'float'. Possibile perdita di dati.
D:\Users\megab\Documents\UNI\3o Anno\Computer Graphics 2\Progetti Esame\Progetto2D\Progetto2D\Utils.cpp(46,29): warning C4305: 'inizializzazione': troncamento da 'double' a 'float'
D:\Users\megab\Documents\UNI\3o Anno\Computer Graphics 2\Progetti Esame\Progetto2D\Progetto2D\Utils.cpp(66,129): warning C4244: '=': conversione da 'double' a 'float'. Possibile perdita di dati.
D:\Users\megab\Documents\UNI\3o Anno\Computer Graphics 2\Progetti Esame\Progetto2D\Progetto2D\Utils.cpp(67,129): warning C4244: '=': conversione da 'double' a 'float'. Possibile perdita di dati.
D:\Users\megab\Documents\UNI\3o Anno\Computer Graphics 2\Progetti Esame\Progetto2D\Progetto2D\Utils.cpp(111,31): warning C4267: '=': conversione da 'size_t' a 'int'. Possibile perdita di dati.
D:\Users\megab\Documents\UNI\3o Anno\Computer Graphics 2\Progetti Esame\Progetto2D\Progetto2D\Utils.cpp(198,14): warning C4244: 'inizializzazione': conversione da 'double' a 'float'. Possibile perdita di dati.
D:\Users\megab\Documents\UNI\3o Anno\Computer Graphics 2\Progetti Esame\Progetto2D\Progetto2D\Utils.cpp(212,13): warning C4244: 'inizializzazione': conversione da 'double' a 'float'. Possibile perdita di dati.
D:\Users\megab\Documents\UNI\3o Anno\Computer Graphics 2\Progetti Esame\Progetto2D\Progetto2D\Utils.cpp(270,31): warning C4267: '=': conversione da 'size_t' a 'int'. Possibile perdita di dati.
D:\Users\megab\Documents\UNI\3o Anno\Computer Graphics 2\Progetti Esame\Progetto2D\Progetto2D\Utils.cpp(284,14): warning C4244: 'inizializzazione': conversione da 'double' a 'float'. Possibile perdita di dati.
D:\Users\megab\Documents\UNI\3o Anno\Computer Graphics 2\Progetti Esame\Progetto2D\Progetto2D\Utils.cpp(353,31): warning C4267: '=': conversione da 'size_t' a 'int'. Possibile perdita di dati.
D:\Users\megab\Documents\UNI\3o Anno\Computer Graphics 2\Progetti Esame\Progetto2D\Progetto2D\Utils.cpp(283,8): warning C4101: 't': variabile locale senza riferimenti
D:\Users\megab\Documents\UNI\3o Anno\Computer Graphics 2\Progetti Esame\Progetto2D\Progetto2D\Utils.cpp(375,31): warning C4267: '=': conversione da 'size_t' a 'int'. Possibile perdita di dati.
D:\Users\megab\Documents\UNI\3o Anno\Computer Graphics 2\Progetti Esame\Progetto2D\Progetto2D\Utils.cpp(411,13): warning C4244: 'inizializzazione': conversione da 'double' a 'float'. Possibile perdita di dati.
D:\Users\megab\Documents\UNI\3o Anno\Computer Graphics 2\Progetti Esame\Progetto2D\Progetto2D\Utils.cpp(422,35): warning C4267: '=': conversione da 'size_t' a 'int'. Possibile perdita di dati.
  Progetto2D.vcxproj -> D:\Users\megab\Documents\UNI\3o Anno\Computer Graphics 2\Progetti Esame\Progetto2D\x64\Debug\Progetto2D.exe
